This is pdfTeX, Version 3.141592653-2.6-1.40.23 (TeX Live 2021/Arch Linux) (preloaded format=pdflatex 2022.1.28)  28 JAN 2022 11:43
entering extended mode
 restricted \write18 enabled.
 %&-line parsing enabled.
**phd_thesis_fgsr.tex
(./phd_thesis_fgsr.tex
LaTeX2e <2021-11-15> patch level 1
L3 programming layer <2021-11-22>
(/usr/share/texmf-dist/tex/latex/base/book.cls
Document Class: book 2021/10/04 v1.4n Standard LaTeX document class
(/usr/share/texmf-dist/tex/latex/base/bk11.clo
File: bk11.clo 2021/10/04 v1.4n Standard LaTeX file (size option)
)
\c@part=\count183
\c@chapter=\count184
\c@section=\count185
\c@subsection=\count186
\c@subsubsection=\count187
\c@paragraph=\count188
\c@subparagraph=\count189
\c@figure=\count190
\c@table=\count191
\abovecaptionskip=\skip47
\belowcaptionskip=\skip48
\bibindent=\dimen138
) (./phd_thesis.tex
(/usr/share/texmf-dist/tex/latex/amsmath/amsmath.sty
Package: amsmath 2021/10/15 v2.17l AMS math features
\@mathmargin=\skip49

For additional information on amsmath, use the `?' option.
(/usr/share/texmf-dist/tex/latex/amsmath/amstext.sty
Package: amstext 2021/08/26 v2.01 AMS text

(/usr/share/texmf-dist/tex/latex/amsmath/amsgen.sty
File: amsgen.sty 1999/11/30 v2.0 generic functions
\@emptytoks=\toks16
\ex@=\dimen139
))
(/usr/share/texmf-dist/tex/latex/amsmath/amsbsy.sty
Package: amsbsy 1999/11/29 v1.2d Bold Symbols
\pmbraise@=\dimen140
)
(/usr/share/texmf-dist/tex/latex/amsmath/amsopn.sty
Package: amsopn 2021/08/26 v2.02 operator names
)
\inf@bad=\count192
LaTeX Info: Redefining \frac on input line 234.
\uproot@=\count193
\leftroot@=\count194
LaTeX Info: Redefining \overline on input line 399.
\classnum@=\count195
\DOTSCASE@=\count196
LaTeX Info: Redefining \ldots on input line 496.
LaTeX Info: Redefining \dots on input line 499.
LaTeX Info: Redefining \cdots on input line 620.
\Mathstrutbox@=\box50
\strutbox@=\box51
\big@size=\dimen141
LaTeX Font Info:    Redeclaring font encoding OML on input line 743.
LaTeX Font Info:    Redeclaring font encoding OMS on input line 744.
\macc@depth=\count197
\c@MaxMatrixCols=\count198
\dotsspace@=\muskip16
\c@parentequation=\count199
\dspbrk@lvl=\count266
\tag@help=\toks17
\row@=\count267
\column@=\count268
\maxfields@=\count269
\andhelp@=\toks18
\eqnshift@=\dimen142
\alignsep@=\dimen143
\tagshift@=\dimen144
\tagwidth@=\dimen145
\totwidth@=\dimen146
\lineht@=\dimen147
\@envbody=\toks19
\multlinegap=\skip50
\multlinetaggap=\skip51
\mathdisplay@stack=\toks20
LaTeX Info: Redefining \[ on input line 2938.
LaTeX Info: Redefining \] on input line 2939.
)
(/usr/share/texmf-dist/tex/latex/amsfonts/amssymb.sty
Package: amssymb 2013/01/14 v3.01 AMS font symbols

(/usr/share/texmf-dist/tex/latex/amsfonts/amsfonts.sty
Package: amsfonts 2013/01/14 v3.01 Basic AMSFonts support
\symAMSa=\mathgroup4
\symAMSb=\mathgroup5
LaTeX Font Info:    Redeclaring math symbol \hbar on input line 98.
LaTeX Font Info:    Overwriting math alphabet `\mathfrak' in version `bold'
(Font)                  U/euf/m/n --> U/euf/b/n on input line 106.
))
(/usr/share/texmf-dist/tex/latex/graphics/graphicx.sty
Package: graphicx 2021/09/16 v1.2d Enhanced LaTeX Graphics (DPC,SPQR)

(/usr/share/texmf-dist/tex/latex/graphics/keyval.sty
Package: keyval 2014/10/28 v1.15 key=value parser (DPC)
\KV@toks@=\toks21
)
(/usr/share/texmf-dist/tex/latex/graphics/graphics.sty
Package: graphics 2021/03/04 v1.4d Standard LaTeX Graphics (DPC,SPQR)

(/usr/share/texmf-dist/tex/latex/graphics/trig.sty
Package: trig 2021/08/11 v1.11 sin cos tan (DPC)
)
(/usr/share/texmf-dist/tex/latex/graphics-cfg/graphics.cfg
File: graphics.cfg 2016/06/04 v1.11 sample graphics configuration
)
Package graphics Info: Driver file: pdftex.def on input line 107.

(/usr/share/texmf-dist/tex/latex/graphics-def/pdftex.def
File: pdftex.def 2020/10/05 v1.2a Graphics/color driver for pdftex
))
\Gin@req@height=\dimen148
\Gin@req@width=\dimen149
)
(/usr/share/texmf-dist/tex/latex/cite/cite.sty
LaTeX Info: Redefining \cite on input line 302.
LaTeX Info: Redefining \nocite on input line 332.
Package: cite 2015/02/27  v 5.5
)
(/usr/share/texmf-dist/tex/latex/geometry/geometry.sty
Package: geometry 2020/01/02 v5.9 Page Geometry

(/usr/share/texmf-dist/tex/generic/iftex/ifvtex.sty
Package: ifvtex 2019/10/25 v1.7 ifvtex legacy package. Use iftex instead.

(/usr/share/texmf-dist/tex/generic/iftex/iftex.sty
Package: iftex 2020/03/06 v1.0d TeX engine tests
))
\Gm@cnth=\count270
\Gm@cntv=\count271
\c@Gm@tempcnt=\count272
\Gm@bindingoffset=\dimen150
\Gm@wd@mp=\dimen151
\Gm@odd@mp=\dimen152
\Gm@even@mp=\dimen153
\Gm@layoutwidth=\dimen154
\Gm@layoutheight=\dimen155
\Gm@layouthoffset=\dimen156
\Gm@layoutvoffset=\dimen157
\Gm@dimlist=\toks22
)
(/usr/share/texmf-dist/tex/latex/caption/caption.sty
Package: caption 2020/10/26 v3.5g Customizing captions (AR)

(/usr/share/texmf-dist/tex/latex/caption/caption3.sty
Package: caption3 2020/10/21 v2.2e caption3 kernel (AR)
\captionmargin=\dimen158
\captionmargin@=\dimen159
\captionwidth=\dimen160
\caption@tempdima=\dimen161
\caption@indent=\dimen162
\caption@parindent=\dimen163
\caption@hangindent=\dimen164
Package caption Info: Standard document class detected.
)
\c@caption@flags=\count273
\c@continuedfloat=\count274
)
(/usr/share/texmf-dist/tex/latex/caption/subcaption.sty
Package: subcaption 2020/10/07 v1.3j Sub-captions (AR)
\c@subfigure=\count275
\c@subtable=\count276
)
(/usr/share/texmf-dist/tex/latex/tools/bm.sty
Package: bm 2021/04/25 v1.2e Bold Symbol Support (DPC/FMi)
\symboldoperators=\mathgroup6
\symboldletters=\mathgroup7
\symboldsymbols=\mathgroup8
Package bm Info: No bold for \OMX/cmex/m/n, using \pmb.
Package bm Info: No bold for \U/msa/m/n, using \pmb.
Package bm Info: No bold for \U/msb/m/n, using \pmb.
LaTeX Font Info:    Redeclaring math alphabet \mathbf on input line 149.
)
(/usr/share/texmf-dist/tex/latex/setspace/setspace.sty
Package: setspace 2011/12/19 v6.7a set line spacing
)
(/usr/share/texmf-dist/tex/latex/base/ifthen.sty
Package: ifthen 2020/11/24 v1.1c Standard LaTeX ifthen package (DPC)
)
(/usr/share/texmf-dist/tex/latex/base/textcomp.sty
Package: textcomp 2020/02/02 v2.0n Standard LaTeX package
)
(/usr/share/texmf-dist/tex/latex/graphics/color.sty
Package: color 2021/12/07 v1.3c Standard LaTeX Color (DPC)

(/usr/share/texmf-dist/tex/latex/graphics-cfg/color.cfg
File: color.cfg 2016/01/02 v1.6 sample color configuration
)
Package color Info: Driver file: pdftex.def on input line 149.
)
(/usr/share/texmf-dist/tex/latex/hyperref/hyperref.sty
Package: hyperref 2021-06-07 v7.00m Hypertext links for LaTeX

(/usr/share/texmf-dist/tex/generic/ltxcmds/ltxcmds.sty
Package: ltxcmds 2020-05-10 v1.25 LaTeX kernel commands for general use (HO)
)
(/usr/share/texmf-dist/tex/generic/pdftexcmds/pdftexcmds.sty
Package: pdftexcmds 2020-06-27 v0.33 Utility functions of pdfTeX for LuaTeX (HO
)

(/usr/share/texmf-dist/tex/generic/infwarerr/infwarerr.sty
Package: infwarerr 2019/12/03 v1.5 Providing info/warning/error messages (HO)
)
Package pdftexcmds Info: \pdf@primitive is available.
Package pdftexcmds Info: \pdf@ifprimitive is available.
Package pdftexcmds Info: \pdfdraftmode found.
)
(/usr/share/texmf-dist/tex/generic/kvsetkeys/kvsetkeys.sty
Package: kvsetkeys 2019/12/15 v1.18 Key value parser (HO)
)
(/usr/share/texmf-dist/tex/generic/kvdefinekeys/kvdefinekeys.sty
Package: kvdefinekeys 2019-12-19 v1.6 Define keys (HO)
)
(/usr/share/texmf-dist/tex/generic/pdfescape/pdfescape.sty
Package: pdfescape 2019/12/09 v1.15 Implements pdfTeX's escape features (HO)
)
(/usr/share/texmf-dist/tex/latex/hycolor/hycolor.sty
Package: hycolor 2020-01-27 v1.10 Color options for hyperref/bookmark (HO)
)
(/usr/share/texmf-dist/tex/latex/letltxmacro/letltxmacro.sty
Package: letltxmacro 2019/12/03 v1.6 Let assignment for LaTeX macros (HO)
)
(/usr/share/texmf-dist/tex/latex/auxhook/auxhook.sty
Package: auxhook 2019-12-17 v1.6 Hooks for auxiliary files (HO)
)
(/usr/share/texmf-dist/tex/latex/kvoptions/kvoptions.sty
Package: kvoptions 2020-10-07 v3.14 Key value format for package options (HO)
)
\@linkdim=\dimen165
\Hy@linkcounter=\count277
\Hy@pagecounter=\count278

(/usr/share/texmf-dist/tex/latex/hyperref/pd1enc.def
File: pd1enc.def 2021-06-07 v7.00m Hyperref: PDFDocEncoding definition (HO)
Now handling font encoding PD1 ...
... no UTF-8 mapping file for font encoding PD1
)
(/usr/share/texmf-dist/tex/latex/hyperref/hyperref-langpatches.def
File: hyperref-langpatches.def 2021-06-07 v7.00m Hyperref: patches for babel la
nguages
)
(/usr/share/texmf-dist/tex/generic/intcalc/intcalc.sty
Package: intcalc 2019/12/15 v1.3 Expandable calculations with integers (HO)
)
(/usr/share/texmf-dist/tex/generic/etexcmds/etexcmds.sty
Package: etexcmds 2019/12/15 v1.7 Avoid name clashes with e-TeX commands (HO)
)
\Hy@SavedSpaceFactor=\count279

(/usr/share/texmf-dist/tex/latex/hyperref/puenc.def
File: puenc.def 2021-06-07 v7.00m Hyperref: PDF Unicode definition (HO)
Now handling font encoding PU ...
... no UTF-8 mapping file for font encoding PU
)
Package hyperref Info: Hyper figures OFF on input line 4192.
Package hyperref Info: Link nesting OFF on input line 4197.
Package hyperref Info: Hyper index ON on input line 4200.
Package hyperref Info: Plain pages OFF on input line 4207.
Package hyperref Info: Backreferencing OFF on input line 4212.
Package hyperref Info: Implicit mode ON; LaTeX internals redefined.
Package hyperref Info: Bookmarks ON on input line 4445.
\c@Hy@tempcnt=\count280

(/usr/share/texmf-dist/tex/latex/url/url.sty
\Urlmuskip=\muskip17
Package: url 2013/09/16  ver 3.4  Verb mode for urls, etc.
)
LaTeX Info: Redefining \url on input line 4804.
\XeTeXLinkMargin=\dimen166

(/usr/share/texmf-dist/tex/generic/bitset/bitset.sty
Package: bitset 2019/12/09 v1.3 Handle bit-vector datatype (HO)

(/usr/share/texmf-dist/tex/generic/bigintcalc/bigintcalc.sty
Package: bigintcalc 2019/12/15 v1.5 Expandable calculations on big integers (HO
)
))
\Fld@menulength=\count281
\Field@Width=\dimen167
\Fld@charsize=\dimen168
Package hyperref Info: Hyper figures OFF on input line 6076.
Package hyperref Info: Link nesting OFF on input line 6081.
Package hyperref Info: Hyper index ON on input line 6084.
Package hyperref Info: backreferencing OFF on input line 6091.
Package hyperref Info: Link coloring OFF on input line 6096.
Package hyperref Info: Link coloring with OCG OFF on input line 6101.
Package hyperref Info: PDF/A mode OFF on input line 6106.
LaTeX Info: Redefining \ref on input line 6146.
LaTeX Info: Redefining \pageref on input line 6150.

(/usr/share/texmf-dist/tex/latex/base/atbegshi-ltx.sty
Package: atbegshi-ltx 2021/01/10 v1.0c Emulation of the original atbegshi
package with kernel methods
)
\Hy@abspage=\count282
\c@Item=\count283
\c@Hfootnote=\count284
)
Package hyperref Info: Driver (autodetected): hpdftex.

(/usr/share/texmf-dist/tex/latex/hyperref/hpdftex.def
File: hpdftex.def 2021-06-07 v7.00m Hyperref driver for pdfTeX

(/usr/share/texmf-dist/tex/latex/base/atveryend-ltx.sty
Package: atveryend-ltx 2020/08/19 v1.0a Emulation of the original atveryend pac
kage
with kernel methods
)
\Fld@listcount=\count285
\c@bookmark@seq@number=\count286

(/usr/share/texmf-dist/tex/latex/rerunfilecheck/rerunfilecheck.sty
Package: rerunfilecheck 2019/12/05 v1.9 Rerun checks for auxiliary files (HO)

(/usr/share/texmf-dist/tex/generic/uniquecounter/uniquecounter.sty
Package: uniquecounter 2019/12/15 v1.4 Provide unlimited unique counter (HO)
)
Package uniquecounter Info: New unique counter `rerunfilecheck' on input line 2
86.
)
\Hy@SectionHShift=\skip52
)
(/usr/share/texmf-dist/tex/latex/glossaries/base/glossaries.sty
Package: glossaries 2021/11/01 v4.49 (NLCT)

(/usr/share/texmf-dist/tex/latex/xkeyval/xkeyval.sty
Package: xkeyval 2020/11/20 v2.8 package option processing (HA)

(/usr/share/texmf-dist/tex/generic/xkeyval/xkeyval.tex
(/usr/share/texmf-dist/tex/generic/xkeyval/xkvutils.tex
\XKV@toks=\toks23
\XKV@tempa@toks=\toks24
)
\XKV@depth=\count287
File: xkeyval.tex 2014/12/03 v2.7a key=value parser (HA)
))
(/usr/share/texmf-dist/tex/latex/mfirstuc/mfirstuc.sty
Package: mfirstuc 2021/10/15 v2.07 (NLCT)

(/usr/share/texmf-dist/tex/latex/etoolbox/etoolbox.sty
Package: etoolbox 2020/10/05 v2.5k e-TeX tools for LaTeX (JAW)
\etb@tempcnta=\count288
)
\@glsmfirst=\toks25
\@glsmrest=\toks26
)
(/usr/share/texmf-dist/tex/latex/textcase/textcase.sty
Package: textcase 2019/09/14 v1.00 Text only upper/lower case changing (DPC)
)
(/usr/share/texmf-dist/tex/latex/xfor/xfor.sty
Package: xfor 2009/02/05 v1.05 (NLCT)
)
(/usr/share/texmf-dist/tex/latex/datatool/datatool-base.sty
Package: datatool-base 2019/09/27 v2.32 (NLCT)

(/usr/share/texmf-dist/tex/latex/substr/substr.sty
Package: substr 2009/10/20 v1.2 Handle substrings
\c@su@anzahl=\count289
)
(/usr/share/texmf-dist/tex/latex/datatool/datatool-fp.sty
Package: datatool-fp 2019/09/27 v2.32 (NLCT)

(/usr/share/texmf-dist/tex/latex/fp/fp.sty
Package: fp 1995/04/02

`Fixed Point Package', Version 0.8, April 2, 1995 (C) Michael Mehlich
(/usr/share/texmf-dist/tex/latex/fp/defpattern.sty
Package: defpattern 1994/10/12
\actioncount=\count290
)
(/usr/share/texmf-dist/tex/latex/fp/fp-basic.sty
Package: fp-basic 1996/05/13
\FP@xs=\count291
\FP@xia=\count292
\FP@xib=\count293
\FP@xfa=\count294
\FP@xfb=\count295
\FP@rega=\count296
\FP@regb=\count297
\FP@regs=\count298
\FP@times=\count299
)
(/usr/share/texmf-dist/tex/latex/fp/fp-addons.sty
Package: fp-addons 1995/03/15
)
(/usr/share/texmf-dist/tex/latex/fp/fp-snap.sty
Package: fp-snap 1995/04/05
)
(/usr/share/texmf-dist/tex/latex/fp/fp-exp.sty
Package: fp-exp 1995/04/03
)
(/usr/share/texmf-dist/tex/latex/fp/fp-trigo.sty
Package: fp-trigo 1995/04/14
)
(/usr/share/texmf-dist/tex/latex/fp/fp-pas.sty
Package: fp-pas 1994/08/29
)
(/usr/share/texmf-dist/tex/latex/fp/fp-random.sty
Package: fp-random 1995/02/23
\FPseed=\count300
)
(/usr/share/texmf-dist/tex/latex/fp/fp-eqn.sty
Package: fp-eqn 1995/04/03
)
(/usr/share/texmf-dist/tex/latex/fp/fp-upn.sty
Package: fp-upn 1996/10/21
)
(/usr/share/texmf-dist/tex/latex/fp/fp-eval.sty
Package: fp-eval 1995/04/03
)))
\@dtl@toks=\toks27
\@dtl@tmpcount=\count301
\dtl@tmplength=\skip53
\dtl@sortresult=\count302
\@dtl@numgrpsepcount=\count303
\@dtl@datatype=\count304
\dtl@codeA=\count305
\dtl@codeB=\count306
\@dtl@foreach@level=\count307
)
(/usr/share/texmf-dist/tex/latex/glossaries/base/glossaries-compatible-307.sty
Package: glossaries-compatible-307 2021/11/01 v4.49 (NLCT)
)
\gls@level=\count308
\@gls@tmpb=\toks28
\gls@tmplen=\skip54
\glskeylisttok=\toks29
\glslabeltok=\toks30
\glsshorttok=\toks31
\glslongtok=\toks32
(/usr/share/texmf-dist/tex/latex/glossaries/styles/glossary-hypernav.sty
Package: glossary-hypernav 2021/11/01 v4.49 (NLCT)
)
(/usr/share/texmf-dist/tex/latex/glossaries/styles/glossary-list.sty
Package: glossary-list 2021/11/01 v4.49 (NLCT)
\glslistdottedwidth=\skip55
)
(/usr/share/texmf-dist/tex/latex/glossaries/styles/glossary-long.sty
Package: glossary-long 2021/11/01 v4.49 (NLCT)

(/usr/share/texmf-dist/tex/latex/tools/longtable.sty
Package: longtable 2021-09-01 v4.17 Multi-page Table package (DPC)
\LTleft=\skip56
\LTright=\skip57
\LTpre=\skip58
\LTpost=\skip59
\LTchunksize=\count309
\LTcapwidth=\dimen169
\LT@head=\box52
\LT@firsthead=\box53
\LT@foot=\box54
\LT@lastfoot=\box55
\LT@gbox=\box56
\LT@cols=\count310
\LT@rows=\count311
\c@LT@tables=\count312
\c@LT@chunks=\count313
\LT@p@ftn=\toks33
)
\glsdescwidth=\skip60
\glspagelistwidth=\skip61
)
(/usr/share/texmf-dist/tex/latex/glossaries/styles/glossary-super.sty
Package: glossary-super 2021/11/01 v4.49 (NLCT)

(/usr/share/texmf-dist/tex/latex/supertabular/supertabular.sty
Package: supertabular 2020/02/02 v4.1g the supertabular environment
\c@tracingst=\count314
\ST@wd=\dimen170
\ST@rightskip=\skip62
\ST@leftskip=\skip63
\ST@parfillskip=\skip64
\ST@pageleft=\dimen171
\ST@headht=\dimen172
\ST@tailht=\dimen173
\ST@pagesofar=\dimen174
\ST@pboxht=\dimen175
\ST@lineht=\dimen176
\ST@prevht=\dimen177
\ST@toadd=\dimen178
\ST@dimen=\dimen179
\ST@pbox=\box57
))
(/usr/share/texmf-dist/tex/latex/glossaries/styles/glossary-tree.sty
Package: glossary-tree 2021/11/01 v4.49 (NLCT)
\glstreeindent=\skip65
))
(/usr/share/texmf-dist/tex/latex/grffile/grffile.sty
Package: grffile 2019/11/11 v2.1 Extended file name support for graphics (legac
y)
Package grffile Info: This package is an empty stub for compatibility on input 
line 40.
)
(/usr/share/texmf-dist/tex/latex/epigraph/epigraph.sty
Package: epigraph 2020/01/02 v1.5e typesetting epigraphs

(/usr/share/texmf-dist/tex/latex/nextpage/nextpage.sty
Package: nextpage 2009/09/03 v1.1a additional page commands
)
\beforeepigraphskip=\skip66
\afterepigraphskip=\skip67
\epigraphwidth=\skip68
\epigraphrule=\skip69
)
(/usr/share/texmf-dist/tex/latex/pgfplots/pgfplots.sty
(/usr/share/texmf-dist/tex/generic/pgfplots/pgfplots.revision.tex)
Package: pgfplots 2021/05/15 v1.18.1 Data Visualization (1.18.1)

(/usr/share/texmf-dist/tex/latex/pgf/frontendlayer/tikz.sty
(/usr/share/texmf-dist/tex/latex/pgf/basiclayer/pgf.sty
(/usr/share/texmf-dist/tex/latex/pgf/utilities/pgfrcs.sty
(/usr/share/texmf-dist/tex/generic/pgf/utilities/pgfutil-common.tex
\pgfutil@everybye=\toks34
\pgfutil@tempdima=\dimen180
\pgfutil@tempdimb=\dimen181

(/usr/share/texmf-dist/tex/generic/pgf/utilities/pgfutil-common-lists.tex))
(/usr/share/texmf-dist/tex/generic/pgf/utilities/pgfutil-latex.def
\pgfutil@abb=\box58
)
(/usr/share/texmf-dist/tex/generic/pgf/utilities/pgfrcs.code.tex
(/usr/share/texmf-dist/tex/generic/pgf/pgf.revision.tex)
Package: pgfrcs 2021/05/15 v3.1.9a (3.1.9a)
))
Package: pgf 2021/05/15 v3.1.9a (3.1.9a)

(/usr/share/texmf-dist/tex/latex/pgf/basiclayer/pgfcore.sty
(/usr/share/texmf-dist/tex/latex/pgf/systemlayer/pgfsys.sty
(/usr/share/texmf-dist/tex/generic/pgf/systemlayer/pgfsys.code.tex
Package: pgfsys 2021/05/15 v3.1.9a (3.1.9a)

(/usr/share/texmf-dist/tex/generic/pgf/utilities/pgfkeys.code.tex
\pgfkeys@pathtoks=\toks35
\pgfkeys@temptoks=\toks36

(/usr/share/texmf-dist/tex/generic/pgf/utilities/pgfkeysfiltered.code.tex
\pgfkeys@tmptoks=\toks37
))
\pgf@x=\dimen182
\pgf@y=\dimen183
\pgf@xa=\dimen184
\pgf@ya=\dimen185
\pgf@xb=\dimen186
\pgf@yb=\dimen187
\pgf@xc=\dimen188
\pgf@yc=\dimen189
\pgf@xd=\dimen190
\pgf@yd=\dimen191
\w@pgf@writea=\write3
\r@pgf@reada=\read2
\c@pgf@counta=\count315
\c@pgf@countb=\count316
\c@pgf@countc=\count317
\c@pgf@countd=\count318
\t@pgf@toka=\toks38
\t@pgf@tokb=\toks39
\t@pgf@tokc=\toks40
\pgf@sys@id@count=\count319

(/usr/share/texmf-dist/tex/generic/pgf/systemlayer/pgf.cfg
File: pgf.cfg 2021/05/15 v3.1.9a (3.1.9a)
)
Driver file for pgf: pgfsys-pdftex.def

(/usr/share/texmf-dist/tex/generic/pgf/systemlayer/pgfsys-pdftex.def
File: pgfsys-pdftex.def 2021/05/15 v3.1.9a (3.1.9a)

(/usr/share/texmf-dist/tex/generic/pgf/systemlayer/pgfsys-common-pdf.def
File: pgfsys-common-pdf.def 2021/05/15 v3.1.9a (3.1.9a)
)))
(/usr/share/texmf-dist/tex/generic/pgf/systemlayer/pgfsyssoftpath.code.tex
File: pgfsyssoftpath.code.tex 2021/05/15 v3.1.9a (3.1.9a)
\pgfsyssoftpath@smallbuffer@items=\count320
\pgfsyssoftpath@bigbuffer@items=\count321
)
(/usr/share/texmf-dist/tex/generic/pgf/systemlayer/pgfsysprotocol.code.tex
File: pgfsysprotocol.code.tex 2021/05/15 v3.1.9a (3.1.9a)
))
(/usr/share/texmf-dist/tex/latex/xcolor/xcolor.sty
Package: xcolor 2021/10/31 v2.13 LaTeX color extensions (UK)

(/usr/share/texmf-dist/tex/latex/graphics-cfg/color.cfg
File: color.cfg 2016/01/02 v1.6 sample color configuration
)
Package xcolor Info: Driver file: pdftex.def on input line 227.
LaTeX Info: Redefining \color on input line 711.
Package xcolor Info: Model `cmy' substituted by `cmy0' on input line 1352.
Package xcolor Info: Model `hsb' substituted by `rgb' on input line 1356.
Package xcolor Info: Model `RGB' extended on input line 1368.
Package xcolor Info: Model `HTML' substituted by `rgb' on input line 1370.
Package xcolor Info: Model `Hsb' substituted by `hsb' on input line 1371.
Package xcolor Info: Model `tHsb' substituted by `hsb' on input line 1372.
Package xcolor Info: Model `HSB' substituted by `hsb' on input line 1373.
Package xcolor Info: Model `Gray' substituted by `gray' on input line 1374.
Package xcolor Info: Model `wave' substituted by `hsb' on input line 1375.
)
(/usr/share/texmf-dist/tex/generic/pgf/basiclayer/pgfcore.code.tex
Package: pgfcore 2021/05/15 v3.1.9a (3.1.9a)

(/usr/share/texmf-dist/tex/generic/pgf/math/pgfmath.code.tex
(/usr/share/texmf-dist/tex/generic/pgf/math/pgfmathcalc.code.tex
(/usr/share/texmf-dist/tex/generic/pgf/math/pgfmathutil.code.tex)
(/usr/share/texmf-dist/tex/generic/pgf/math/pgfmathparser.code.tex
\pgfmath@dimen=\dimen192
\pgfmath@count=\count322
\pgfmath@box=\box59
\pgfmath@toks=\toks41
\pgfmath@stack@operand=\toks42
\pgfmath@stack@operation=\toks43
)
(/usr/share/texmf-dist/tex/generic/pgf/math/pgfmathfunctions.code.tex
(/usr/share/texmf-dist/tex/generic/pgf/math/pgfmathfunctions.basic.code.tex)
(/usr/share/texmf-dist/tex/generic/pgf/math/pgfmathfunctions.trigonometric.code
.tex)
(/usr/share/texmf-dist/tex/generic/pgf/math/pgfmathfunctions.random.code.tex)
(/usr/share/texmf-dist/tex/generic/pgf/math/pgfmathfunctions.comparison.code.te
x) (/usr/share/texmf-dist/tex/generic/pgf/math/pgfmathfunctions.base.code.tex)
(/usr/share/texmf-dist/tex/generic/pgf/math/pgfmathfunctions.round.code.tex)
(/usr/share/texmf-dist/tex/generic/pgf/math/pgfmathfunctions.misc.code.tex)
(/usr/share/texmf-dist/tex/generic/pgf/math/pgfmathfunctions.integerarithmetics
.code.tex))) (/usr/share/texmf-dist/tex/generic/pgf/math/pgfmathfloat.code.tex
\c@pgfmathroundto@lastzeros=\count323
)) (/usr/share/texmf-dist/tex/generic/pgf/math/pgfint.code.tex)
(/usr/share/texmf-dist/tex/generic/pgf/basiclayer/pgfcorepoints.code.tex
File: pgfcorepoints.code.tex 2021/05/15 v3.1.9a (3.1.9a)
\pgf@picminx=\dimen193
\pgf@picmaxx=\dimen194
\pgf@picminy=\dimen195
\pgf@picmaxy=\dimen196
\pgf@pathminx=\dimen197
\pgf@pathmaxx=\dimen198
\pgf@pathminy=\dimen199
\pgf@pathmaxy=\dimen256
\pgf@xx=\dimen257
\pgf@xy=\dimen258
\pgf@yx=\dimen259
\pgf@yy=\dimen260
\pgf@zx=\dimen261
\pgf@zy=\dimen262
)
(/usr/share/texmf-dist/tex/generic/pgf/basiclayer/pgfcorepathconstruct.code.tex
File: pgfcorepathconstruct.code.tex 2021/05/15 v3.1.9a (3.1.9a)
\pgf@path@lastx=\dimen263
\pgf@path@lasty=\dimen264
) (/usr/share/texmf-dist/tex/generic/pgf/basiclayer/pgfcorepathusage.code.tex
File: pgfcorepathusage.code.tex 2021/05/15 v3.1.9a (3.1.9a)
\pgf@shorten@end@additional=\dimen265
\pgf@shorten@start@additional=\dimen266
)
(/usr/share/texmf-dist/tex/generic/pgf/basiclayer/pgfcorescopes.code.tex
File: pgfcorescopes.code.tex 2021/05/15 v3.1.9a (3.1.9a)
\pgfpic=\box60
\pgf@hbox=\box61
\pgf@layerbox@main=\box62
\pgf@picture@serial@count=\count324
)
(/usr/share/texmf-dist/tex/generic/pgf/basiclayer/pgfcoregraphicstate.code.tex
File: pgfcoregraphicstate.code.tex 2021/05/15 v3.1.9a (3.1.9a)
\pgflinewidth=\dimen267
)
(/usr/share/texmf-dist/tex/generic/pgf/basiclayer/pgfcoretransformations.code.t
ex
File: pgfcoretransformations.code.tex 2021/05/15 v3.1.9a (3.1.9a)
\pgf@pt@x=\dimen268
\pgf@pt@y=\dimen269
\pgf@pt@temp=\dimen270
) (/usr/share/texmf-dist/tex/generic/pgf/basiclayer/pgfcorequick.code.tex
File: pgfcorequick.code.tex 2021/05/15 v3.1.9a (3.1.9a)
)
(/usr/share/texmf-dist/tex/generic/pgf/basiclayer/pgfcoreobjects.code.tex
File: pgfcoreobjects.code.tex 2021/05/15 v3.1.9a (3.1.9a)
)
(/usr/share/texmf-dist/tex/generic/pgf/basiclayer/pgfcorepathprocessing.code.te
x
File: pgfcorepathprocessing.code.tex 2021/05/15 v3.1.9a (3.1.9a)
) (/usr/share/texmf-dist/tex/generic/pgf/basiclayer/pgfcorearrows.code.tex
File: pgfcorearrows.code.tex 2021/05/15 v3.1.9a (3.1.9a)
\pgfarrowsep=\dimen271
)
(/usr/share/texmf-dist/tex/generic/pgf/basiclayer/pgfcoreshade.code.tex
File: pgfcoreshade.code.tex 2021/05/15 v3.1.9a (3.1.9a)
\pgf@max=\dimen272
\pgf@sys@shading@range@num=\count325
\pgf@shadingcount=\count326
)
(/usr/share/texmf-dist/tex/generic/pgf/basiclayer/pgfcoreimage.code.tex
File: pgfcoreimage.code.tex 2021/05/15 v3.1.9a (3.1.9a)

(/usr/share/texmf-dist/tex/generic/pgf/basiclayer/pgfcoreexternal.code.tex
File: pgfcoreexternal.code.tex 2021/05/15 v3.1.9a (3.1.9a)
\pgfexternal@startupbox=\box63
))
(/usr/share/texmf-dist/tex/generic/pgf/basiclayer/pgfcorelayers.code.tex
File: pgfcorelayers.code.tex 2021/05/15 v3.1.9a (3.1.9a)
)
(/usr/share/texmf-dist/tex/generic/pgf/basiclayer/pgfcoretransparency.code.tex
File: pgfcoretransparency.code.tex 2021/05/15 v3.1.9a (3.1.9a)
) (/usr/share/texmf-dist/tex/generic/pgf/basiclayer/pgfcorepatterns.code.tex
File: pgfcorepatterns.code.tex 2021/05/15 v3.1.9a (3.1.9a)
)
(/usr/share/texmf-dist/tex/generic/pgf/basiclayer/pgfcorerdf.code.tex
File: pgfcorerdf.code.tex 2021/05/15 v3.1.9a (3.1.9a)
)))
(/usr/share/texmf-dist/tex/generic/pgf/modules/pgfmoduleshapes.code.tex
File: pgfmoduleshapes.code.tex 2021/05/15 v3.1.9a (3.1.9a)
\pgfnodeparttextbox=\box64
)
(/usr/share/texmf-dist/tex/generic/pgf/modules/pgfmoduleplot.code.tex
File: pgfmoduleplot.code.tex 2021/05/15 v3.1.9a (3.1.9a)
)
(/usr/share/texmf-dist/tex/latex/pgf/compatibility/pgfcomp-version-0-65.sty
Package: pgfcomp-version-0-65 2021/05/15 v3.1.9a (3.1.9a)
\pgf@nodesepstart=\dimen273
\pgf@nodesepend=\dimen274
)
(/usr/share/texmf-dist/tex/latex/pgf/compatibility/pgfcomp-version-1-18.sty
Package: pgfcomp-version-1-18 2021/05/15 v3.1.9a (3.1.9a)
))
(/usr/share/texmf-dist/tex/latex/pgf/utilities/pgffor.sty
(/usr/share/texmf-dist/tex/latex/pgf/utilities/pgfkeys.sty
(/usr/share/texmf-dist/tex/generic/pgf/utilities/pgfkeys.code.tex))
(/usr/share/texmf-dist/tex/latex/pgf/math/pgfmath.sty
(/usr/share/texmf-dist/tex/generic/pgf/math/pgfmath.code.tex))
(/usr/share/texmf-dist/tex/generic/pgf/utilities/pgffor.code.tex
Package: pgffor 2021/05/15 v3.1.9a (3.1.9a)

(/usr/share/texmf-dist/tex/generic/pgf/math/pgfmath.code.tex)
\pgffor@iter=\dimen275
\pgffor@skip=\dimen276
\pgffor@stack=\toks44
\pgffor@toks=\toks45
))
(/usr/share/texmf-dist/tex/generic/pgf/frontendlayer/tikz/tikz.code.tex
Package: tikz 2021/05/15 v3.1.9a (3.1.9a)

(/usr/share/texmf-dist/tex/generic/pgf/libraries/pgflibraryplothandlers.code.te
x
File: pgflibraryplothandlers.code.tex 2021/05/15 v3.1.9a (3.1.9a)
\pgf@plot@mark@count=\count327
\pgfplotmarksize=\dimen277
)
\tikz@lastx=\dimen278
\tikz@lasty=\dimen279
\tikz@lastxsaved=\dimen280
\tikz@lastysaved=\dimen281
\tikz@lastmovetox=\dimen282
\tikz@lastmovetoy=\dimen283
\tikzleveldistance=\dimen284
\tikzsiblingdistance=\dimen285
\tikz@figbox=\box65
\tikz@figbox@bg=\box66
\tikz@tempbox=\box67
\tikz@tempbox@bg=\box68
\tikztreelevel=\count328
\tikznumberofchildren=\count329
\tikznumberofcurrentchild=\count330
\tikz@fig@count=\count331
 (/usr/share/texmf-dist/tex/generic/pgf/modules/pgfmodulematrix.code.tex
File: pgfmodulematrix.code.tex 2021/05/15 v3.1.9a (3.1.9a)
\pgfmatrixcurrentrow=\count332
\pgfmatrixcurrentcolumn=\count333
\pgf@matrix@numberofcolumns=\count334
)
\tikz@expandcount=\count335

(/usr/share/texmf-dist/tex/generic/pgf/frontendlayer/tikz/libraries/tikzlibrary
topaths.code.tex
File: tikzlibrarytopaths.code.tex 2021/05/15 v3.1.9a (3.1.9a)
)))
(/usr/share/texmf-dist/tex/generic/pgfplots/pgfplots.code.tex
(/usr/share/texmf-dist/tex/generic/pgfplots/pgfplotscore.code.tex
\t@pgfplots@toka=\toks46
\t@pgfplots@tokb=\toks47
\t@pgfplots@tokc=\toks48
\pgfplots@tmpa=\dimen286
\c@pgfplots@coordindex=\count336
\c@pgfplots@scanlineindex=\count337

(/usr/share/texmf-dist/tex/generic/pgfplots/sys/pgfplotssysgeneric.code.tex))
(/usr/share/texmf-dist/tex/generic/pgfplots/libs/pgfplotslibrary.code.tex)
(/usr/share/texmf-dist/tex/generic/pgfplots/oldpgfcompatib/pgfplotsoldpgfsupp_l
oader.code.tex
(/usr/share/texmf-dist/tex/generic/pgf/libraries/pgflibraryfpu.code.tex))
(/usr/share/texmf-dist/tex/generic/pgfplots/util/pgfplotsutil.code.tex
(/usr/share/texmf-dist/tex/generic/pgfplots/liststructure/pgfplotsliststructure
.code.tex)
(/usr/share/texmf-dist/tex/generic/pgfplots/liststructure/pgfplotsliststructure
ext.code.tex)
(/usr/share/texmf-dist/tex/generic/pgfplots/liststructure/pgfplotsarray.code.te
x
\c@pgfplotsarray@tmp=\count338
)
(/usr/share/texmf-dist/tex/generic/pgfplots/liststructure/pgfplotsmatrix.code.t
ex)
(/usr/share/texmf-dist/tex/generic/pgfplots/numtable/pgfplotstableshared.code.t
ex
\c@pgfplotstable@counta=\count339
\t@pgfplotstable@a=\toks49
)
(/usr/share/texmf-dist/tex/generic/pgfplots/liststructure/pgfplotsdeque.code.te
x) (/usr/share/texmf-dist/tex/generic/pgfplots/util/pgfplotsbinary.code.tex
(/usr/share/texmf-dist/tex/generic/pgfplots/util/pgfplotsbinary.data.code.tex))
(/usr/share/texmf-dist/tex/generic/pgfplots/util/pgfplotsutil.verb.code.tex)
(/usr/share/texmf-dist/tex/generic/pgfplots/libs/pgflibrarypgfplots.surfshading
.code.tex
\c@pgfplotslibrarysurf@no=\count340

(/usr/share/texmf-dist/tex/generic/pgfplots/sys/pgflibrarypgfplots.surfshading.
pgfsys-pdftex.def)))
(/usr/share/texmf-dist/tex/generic/pgfplots/util/pgfplotscolormap.code.tex
(/usr/share/texmf-dist/tex/generic/pgfplots/util/pgfplotscolor.code.tex))
(/usr/share/texmf-dist/tex/generic/pgfplots/pgfplotsstackedplots.code.tex)
(/usr/share/texmf-dist/tex/generic/pgfplots/pgfplotsplothandlers.code.tex
(/usr/share/texmf-dist/tex/generic/pgfplots/pgfplotsmeshplothandler.code.tex
(/usr/share/texmf-dist/tex/generic/pgfplots/pgfplotsmeshplotimage.code.tex)))
(/usr/share/texmf-dist/tex/generic/pgfplots/pgfplots.scaling.code.tex)
(/usr/share/texmf-dist/tex/generic/pgfplots/pgfplotscoordprocessing.code.tex)
(/usr/share/texmf-dist/tex/generic/pgfplots/pgfplots.errorbars.code.tex)
(/usr/share/texmf-dist/tex/generic/pgfplots/pgfplots.markers.code.tex)
(/usr/share/texmf-dist/tex/generic/pgfplots/pgfplotsticks.code.tex)
(/usr/share/texmf-dist/tex/generic/pgfplots/pgfplots.paths.code.tex)
(/usr/share/texmf-dist/tex/generic/pgf/frontendlayer/tikz/libraries/tikzlibrary
decorations.code.tex
(/usr/share/texmf-dist/tex/generic/pgf/modules/pgfmoduledecorations.code.tex
\pgfdecoratedcompleteddistance=\dimen287
\pgfdecoratedremainingdistance=\dimen288
\pgfdecoratedinputsegmentcompleteddistance=\dimen289
\pgfdecoratedinputsegmentremainingdistance=\dimen290
\pgf@decorate@distancetomove=\dimen291
\pgf@decorate@repeatstate=\count341
\pgfdecorationsegmentamplitude=\dimen292
\pgfdecorationsegmentlength=\dimen293
)
\tikz@lib@dec@box=\box69
)
(/usr/share/texmf-dist/tex/generic/pgf/frontendlayer/tikz/libraries/tikzlibrary
decorations.pathmorphing.code.tex
(/usr/share/texmf-dist/tex/generic/pgf/libraries/decorations/pgflibrarydecorati
ons.pathmorphing.code.tex))
(/usr/share/texmf-dist/tex/generic/pgf/frontendlayer/tikz/libraries/tikzlibrary
decorations.pathreplacing.code.tex
(/usr/share/texmf-dist/tex/generic/pgf/libraries/decorations/pgflibrarydecorati
ons.pathreplacing.code.tex))
(/usr/share/texmf-dist/tex/generic/pgfplots/libs/tikzlibrarypgfplots.contourlua
.code.tex)
\pgfplots@numplots=\count342
\pgfplots@xmin@reg=\dimen294
\pgfplots@xmax@reg=\dimen295
\pgfplots@ymin@reg=\dimen296
\pgfplots@ymax@reg=\dimen297
\pgfplots@zmin@reg=\dimen298
\pgfplots@zmax@reg=\dimen299
)
(/usr/share/texmf-dist/tex/generic/pgf/frontendlayer/tikz/libraries/tikzlibrary
plotmarks.code.tex
File: tikzlibraryplotmarks.code.tex 2021/05/15 v3.1.9a (3.1.9a)

(/usr/share/texmf-dist/tex/generic/pgf/libraries/pgflibraryplotmarks.code.tex
File: pgflibraryplotmarks.code.tex 2021/05/15 v3.1.9a (3.1.9a)
))) (/usr/share/texmf-dist/tex/latex/float/float.sty
Package: float 2001/11/08 v1.3d Float enhancements (AL)
\c@float@type=\count343
\float@exts=\toks50
\float@box=\box70
\@float@everytoks=\toks51
\@floatcapt=\box71
)
(/usr/share/texmf-dist/tex/latex/enumitem/enumitem.sty
Package: enumitem 2019/06/20 v3.9 Customized lists
\labelindent=\skip70
\enit@outerparindent=\dimen300
\enit@toks=\toks52
\enit@inbox=\box72
\enit@count@id=\count344
\enitdp@description=\count345
)
(/usr/share/texmf-dist/tex/latex/bbold/bbold.sty
Package: bbold 1994/04/06 Bbold symbol package
LaTeX Font Info:    Redeclaring math alphabet \mathbb on input line 42.
)
(/usr/share/texmf-dist/tex/latex/listings/listings.sty
\lst@mode=\count346
\lst@gtempboxa=\box73
\lst@token=\toks53
\lst@length=\count347
\lst@currlwidth=\dimen301
\lst@column=\count348
\lst@pos=\count349
\lst@lostspace=\dimen302
\lst@width=\dimen303
\lst@newlines=\count350
\lst@lineno=\count351
\lst@maxwidth=\dimen304

(/usr/share/texmf-dist/tex/latex/listings/lstmisc.sty
File: lstmisc.sty 2020/03/24 1.8d (Carsten Heinz)
\c@lstnumber=\count352
\lst@skipnumbers=\count353
\lst@framebox=\box74
)
(/usr/share/texmf-dist/tex/latex/listings/listings.cfg
File: listings.cfg 2020/03/24 1.8d listings configuration
))
Package: listings 2020/03/24 1.8d (Carsten Heinz)

(/usr/share/texmf-dist/tex/latex/layouts/layouts.sty
Package: layouts 2009/09/02 v2.6d graphical depiction of document elements
\l@ylen=\skip71
\layoutsbox=\box75
\l@youtunitlength=\skip72
\l@youtlinethick=\skip73
\l@youtlinethickii=\skip74
\l@ysetupparskip=\skip75
\l@ysetupbaselineskip=\skip76
\l@yonem=\skip77
\l@yonex=\skip78
\l@ylmarg=\skip79
\l@yrmarg=\skip80
\l@yitmindent=\skip81
\l@ylblwidth=\skip82
\l@ylblsep=\skip83
\l@ylparindent=\skip84
\l@ytsep=\skip85
\l@ypskip=\skip86
\l@yptsep=\skip87
\l@ypsep=\skip88
\l@yitmsep=\skip89
\l@ytok=\toks54
\l@youtpw=\count354
\l@youtph=\count355
\l@youthpi=\count356
\l@youthpii=\count357
\l@youthpiii=\count358
\l@youthpiv=\count359
\l@youthpv=\count360
\l@youthpvi=\count361
\l@youthpvii=\count362
\l@youtparskip=\count363
\l@youtvpi=\count364
\l@youtvpii=\count365
\l@youtvpiii=\count366
\l@youtvpiv=\count367
\l@youtvpv=\count368
\l@youtvpvi=\count369
\l@youtvpvii=\count370
\l@youthdo=\count371
\l@youthdi=\count372
\l@youthdii=\count373
\l@youthdiii=\count374
\l@youthdiv=\count375
\l@youthdv=\count376
\l@youthdvi=\count377
\l@youthdvii=\count378
\l@youtvdo=\count379
\l@youtvdi=\count380
\l@youtvdii=\count381
\l@youtvdiii=\count382
\l@youtvdiv=\count383
\l@youtvdv=\count384
\l@youtvdvi=\count385
\l@youtvdvii=\count386
\l@youtvdviii=\count387
\l@youtxci=\count388
\l@youtxcii=\count389
\l@youtxciii=\count390
\l@youtxciv=\count391
\l@youtxcv=\count392
\l@youtxcvi=\count393
\l@youtyci=\count394
\l@youtycii=\count395
\l@youtyciii=\count396
\l@youtyciv=\count397
\l@youtycv=\count398
\l@youtycvi=\count399
\l@youtycvii=\count400
\l@youtycviii=\count401
\l@youtxco=\count402
\l@youtyco=\count403
\l@ytempdima=\skip90
\stockwidth=\skip91
\stockheight=\skip92
\trimedge=\skip93
\trimtop=\skip94
\uppermargin=\skip95
\spinemargin=\skip96
)
(/usr/share/texmf-dist/tex/latex/import/import.sty
Package: import 2020/04/01  v 6.2
)
Package hyperref Info: Option `colorlinks' set `true' on input line 54.
\glswrite=\write4
\glo@main@file=\write5
\openout5 = `phd_thesis_fgsr.glo'.

Package glossaries Info: Writing glossary file phd_thesis_fgsr.glo on input lin
e 59.
\glo@acronym@file=\write6
\openout6 = `phd_thesis_fgsr.acn'.

Package glossaries Info: Writing glossary file phd_thesis_fgsr.acn on input lin
e 59.
\glo@notation@file=\write7
\openout7 = `phd_thesis_fgsr.ntn'.

Package glossaries Info: Writing glossary file phd_thesis_fgsr.ntn on input lin
e 59.

(/usr/share/texmf-dist/tex/latex/l3backend/l3backend-pdftex.def
File: l3backend-pdftex.def 2021-12-14 L3 backend support: PDF output (pdfTeX)
\l__color_backend_stack_int=\count404
\l__pdf_internal_box=\box76
)
(./phd_thesis_fgsr.aux (./titlepage_fgsr.aux) (./abstract.aux) (./notation.aux)
(./chapter01.aux) (./chapter02.aux) (./chapter03.aux) (./chapter04.aux

LaTeX Warning: Label `sec:singlet_state' multiply defined.

) (./chapter05.aux

LaTeX Warning: Label `eq:spin-triplet_SSH' multiply defined.

) (./chapter06.aux) (./chapter07.aux) (./chapter08.aux) (./chapter09.aux)
(./conclusion.aux) (./appendix01.aux) (./appendix02.aux))
\openout1 = `phd_thesis_fgsr.aux'.

LaTeX Font Info:    Checking defaults for OML/cmm/m/it on input line 61.
LaTeX Font Info:    ... okay on input line 61.
LaTeX Font Info:    Checking defaults for OMS/cmsy/m/n on input line 61.
LaTeX Font Info:    ... okay on input line 61.
LaTeX Font Info:    Checking defaults for OT1/cmr/m/n on input line 61.
LaTeX Font Info:    ... okay on input line 61.
LaTeX Font Info:    Checking defaults for T1/cmr/m/n on input line 61.
LaTeX Font Info:    ... okay on input line 61.
LaTeX Font Info:    Checking defaults for TS1/cmr/m/n on input line 61.
LaTeX Font Info:    ... okay on input line 61.
LaTeX Font Info:    Checking defaults for OMX/cmex/m/n on input line 61.
LaTeX Font Info:    ... okay on input line 61.
LaTeX Font Info:    Checking defaults for U/cmr/m/n on input line 61.
LaTeX Font Info:    ... okay on input line 61.
LaTeX Font Info:    Checking defaults for PD1/pdf/m/n on input line 61.
LaTeX Font Info:    ... okay on input line 61.
LaTeX Font Info:    Checking defaults for PU/pdf/m/n on input line 61.
LaTeX Font Info:    ... okay on input line 61.

(/usr/share/texmf-dist/tex/context/base/mkii/supp-pdf.mkii
[Loading MPS to PDF converter (version 2006.09.02).]
\scratchcounter=\count405
\scratchdimen=\dimen305
\scratchbox=\box77
\nofMPsegments=\count406
\nofMParguments=\count407
\everyMPshowfont=\toks55
\MPscratchCnt=\count408
\MPscratchDim=\dimen306
\MPnumerator=\count409
\makeMPintoPDFobject=\count410
\everyMPtoPDFconversion=\toks56
) (/usr/share/texmf-dist/tex/latex/epstopdf-pkg/epstopdf-base.sty
Package: epstopdf-base 2020-01-24 v2.11 Base part for package epstopdf
Package epstopdf-base Info: Redefining graphics rule for `.eps' on input line 4
85.

(/usr/share/texmf-dist/tex/latex/latexconfig/epstopdf-sys.cfg
File: epstopdf-sys.cfg 2010/07/13 v1.3 Configuration of (r)epstopdf for TeX Liv
e
))
*geometry* driver: auto-detecting
*geometry* detected driver: pdftex
*geometry* verbose mode - [ preamble ] result:
* driver: pdftex
* paper: letterpaper
* layout: <same size as paper>
* layoutoffset:(h,v)=(0.0pt,0.0pt)
* modes: 
* h-part:(L,W,R)=(92.14519pt, 430.00462pt, 92.14519pt)
* v-part:(T,H,B)=(95.39737pt, 556.47656pt, 143.09605pt)
* \paperwidth=614.295pt
* \paperheight=794.96999pt
* \textwidth=430.00462pt
* \textheight=556.47656pt
* \oddsidemargin=19.8752pt
* \evensidemargin=19.8752pt
* \topmargin=-8.74641pt
* \headheight=12.0pt
* \headsep=19.8738pt
* \topskip=11.0pt
* \footskip=27.46295pt
* \marginparwidth=62.0pt
* \marginparsep=7.0pt
* \columnsep=10.0pt
* \skip\footins=10.0pt plus 4.0pt minus 2.0pt
* \hoffset=0.0pt
* \voffset=0.0pt
* \mag=1000
* \@twocolumnfalse
* \@twosidefalse
* \@mparswitchfalse
* \@reversemarginfalse
* (1in=72.27pt=25.4mm, 1cm=28.453pt)

Package caption Info: Begin \AtBeginDocument code.
Package caption Info: float package is loaded.
Package caption Info: hyperref package is loaded.
Package caption Info: listings package is loaded.
Package caption Info: longtable package is loaded.
(/usr/share/texmf-dist/tex/latex/caption/ltcaption.sty
Package: ltcaption 2020/05/30 v1.4b longtable captions (AR)
)
Package caption Info: supertabular package is loaded.
Package caption Info: End \AtBeginDocument code.


Package hyperref Warning: Height of page (\stockheight) is invalid (0.0pt),
(hyperref)                using 11in.

Package hyperref Info: Link coloring ON on input line 61.
(/usr/share/texmf-dist/tex/latex/hyperref/nameref.sty
Package: nameref 2021-04-02 v2.47 Cross-referencing by name of section

(/usr/share/texmf-dist/tex/latex/refcount/refcount.sty
Package: refcount 2019/12/15 v3.6 Data extraction from label references (HO)
)
(/usr/share/texmf-dist/tex/generic/gettitlestring/gettitlestring.sty
Package: gettitlestring 2019/12/15 v1.6 Cleanup title references (HO)
)
\c@section@level=\count411
)
LaTeX Info: Redefining \ref on input line 61.
LaTeX Info: Redefining \pageref on input line 61.
LaTeX Info: Redefining \nameref on input line 61.

(./phd_thesis_fgsr.out) (./phd_thesis_fgsr.out)
\@outlinefile=\write8
\openout8 = `phd_thesis_fgsr.out'.

 (./phd_thesis_fgsr.glsdefs)

Package pgfplots Warning: running in backwards compatibility mode (unsuitable t
ick labels; missing features). Consider writing \pgfplotsset{compat=1.18} into 
your preamble.
 on input line 61.

\c@lstlisting=\count412

Package layouts Warning: Layout scale set to 0.5 on input line 61.


! LaTeX Error: Command \cgls already defined.
               Or name \end... illegal, see p.192 of the manual.

See the LaTeX manual or LaTeX Companion for explanation.
Type  H <return>  for immediate help.
 ...                                              
                                                  
l.73 ...}\gls{#1}\hypersetup{linkcolor=LinkColor}}
                                                  
? 

! LaTeX Error: Command \cglspl already defined.
               Or name \end... illegal, see p.192 of the manual.

See the LaTeX manual or LaTeX Companion for explanation.
Type  H <return>  for immediate help.
 ...                                              
                                                  
l.74 ...glspl{#1}\hypersetup{linkcolor=LinkColor}}
                                                  
? 

! LaTeX Error: Command \cGls already defined.
               Or name \end... illegal, see p.192 of the manual.

See the LaTeX manual or LaTeX Companion for explanation.
Type  H <return>  for immediate help.
 ...                                              
                                                  
l.75 ...}\Gls{#1}\hypersetup{linkcolor=LinkColor}}
                                                  
? 

! LaTeX Error: Command \cGlspl already defined.
               Or name \end... illegal, see p.192 of the manual.

See the LaTeX manual or LaTeX Companion for explanation.
Type  H <return>  for immediate help.
 ...                                              
                                                  
l.76 ...Glspl{#1}\hypersetup{linkcolor=LinkColor}}
                                                  
? 
\openout2 = `titlepage_fgsr.aux'.

(./titlepage_fgsr.tex [1

\openout4 = `phd_thesis_fgsr.ist'.




{/var/lib/texmf/fonts/map/pdftex/updmap/pdftex.map}])
\openout2 = `abstract.aux'.


(./abstract.tex) [2




] (./phd_thesis_fgsr.toc
LaTeX Font Info:    Trying to load font information for U+msa on input line 3.

(/usr/share/texmf-dist/tex/latex/amsfonts/umsa.fd
File: umsa.fd 2013/01/14 v3.01 AMS symbols A
)
LaTeX Font Info:    Trying to load font information for U+msb on input line 3.

(/usr/share/texmf-dist/tex/latex/amsfonts/umsb.fd
File: umsb.fd 2013/01/14 v3.01 AMS symbols B
) [3



])
\tf@toc=\write9
\openout9 = `phd_thesis_fgsr.toc'.

 [4]
(./phd_thesis_fgsr.lot)
\tf@lot=\write10
\openout10 = `phd_thesis_fgsr.lot'.

 [5

] (./phd_thesis_fgsr.lof [6

] [7] [8] [9]
Overfull \hbox (9.30399pt too wide) in paragraph at lines 26--26
 [][] [][][]\OT1/cmr/m/n/10.95 Self-consistent re-sults for a mul-ti-or-bital m
odel with no im-pu-rity (blue, crosses), 
 []

! Missing $ inserted.
<inserted text> 
                $
l.31 ...s fig:ssh-one_dim}}{46}{figure.caption.34}
                                                  %
? 
! Extra }, or forgotten $.
<argument> ...{5.1}{\ignorespaces fig:ssh-one_dim}
                                                  }\hyper@linkend 
l.31 ...s fig:ssh-one_dim}}{46}{figure.caption.34}
                                                  %
? 
! Extra }, or forgotten $.
<argument> ...5.1}{\ignorespaces fig:ssh-one_dim}}
                                                  \hyper@linkend 
l.31 ...s fig:ssh-one_dim}}{46}{figure.caption.34}
                                                  %
? 
! Missing $ inserted.
<inserted text> 
                $
l.31 ...s fig:ssh-one_dim}}{46}{figure.caption.34}
                                                  %
? 
! Missing } inserted.
<inserted text> 
                }
l.31 ...s fig:ssh-one_dim}}{46}{figure.caption.34}
                                                  %
? 
! Missing } inserted.
<inserted text> 
                }
l.31 ...s fig:ssh-one_dim}}{46}{figure.caption.34}
                                                  %
? 
! Missing $ inserted.
<inserted text> 
                $
l.32 ...ultiorbital_chain}}{47}{figure.caption.35}
                                                  %
? 
! Extra }, or forgotten $.
<argument> ...ignorespaces fig:multiorbital_chain}
                                                  }\hyper@linkend 
l.32 ...ultiorbital_chain}}{47}{figure.caption.35}
                                                  %
? 
! Extra }, or forgotten $.
<argument> ...gnorespaces fig:multiorbital_chain}}
                                                  \hyper@linkend 
l.32 ...ultiorbital_chain}}{47}{figure.caption.35}
                                                  %
? 
! Missing $ inserted.
<inserted text> 
                $
l.32 ...ultiorbital_chain}}{47}{figure.caption.35}
                                                  %
? 
! Missing } inserted.
<inserted text> 
                }
l.32 ...ultiorbital_chain}}{47}{figure.caption.35}
                                                  %
? 
! Missing } inserted.
<inserted text> 
                }
l.32 ...ultiorbital_chain}}{47}{figure.caption.35}
                                                  %
? 

LaTeX Warning: Reference `eq:spin_triplet_BdG_Hamiltonian' on page x undefined 
on input line 39.

)
\tf@lof=\write11
\openout11 = `phd_thesis_fgsr.lof'.

 (./phd_thesis_fgsr.acr [10] [11]) [12


]
\openout2 = `notation.aux'.

 (./notation.tex
\@gls@deffile=\write12
\openout12 = `phd_thesis_fgsr.glsdefs'.

) [13

]
(./phd_thesis_fgsr.not [14




]) [15]
\openout2 = `chapter01.aux'.

 (./chapter01.tex
Chapter 1.
) [1



]
\openout2 = `chapter02.aux'.

 (./chapter02.tex
Chapter 2.

LaTeX Warning: File ` ../../05-fig/01-01-simple-lattice.pdf ' not found on inpu
t line 3.


! Package pdftex.def Error: File `../../05-fig/01-01-simple-lattice.pdf' not fo
und: using draft setting.

See the pdftex.def package documentation for explanation.
Type  H <return>  for immediate help.
 ...                                              
                                                  
l.3 ...imple-lattice}{Simple multiorbital lattice}
                                                  
? 
! Undefined control sequence.
<argument> \figures 
                    
l.3 ...imple-lattice}{Simple multiorbital lattice}
                                                  
? 

! LaTeX Error: File `../../05-fig/01-01-simple-lattice.txt' not found.

Type X to quit or <RETURN> to proceed,
or enter new name. (Default extension: txt)

Enter file name: 
(/usr/share/texmf-dist/tex/latex/tools/.tex File ignored)
! Undefined control sequence.
<argument> \figures 
                    
l.3 ...imple-lattice}{Simple multiorbital lattice}
                                                  
? 

! LaTeX Error: File `../../05-fig/01-01-simple-lattice.txt' not found.

Type X to quit or <RETURN> to proceed,
or enter new name. (Default extension: txt)

Enter file name: 
(/usr/share/texmf-dist/tex/latex/tools/.tex File ignored) [2




] [3]
LaTeX Font Info:    Trying to load font information for U+bbold on input line 3
0.

(/usr/share/texmf-dist/tex/latex/bbold/Ubbold.fd) [4]
Overfull \hbox (8.17184pt too wide) in paragraph at lines 86--89
\OT1/cmr/m/n/10.95 Together, the nor-mal state and in-ter-act-ing Hamil-to-ni-a
ns form the un-con-ven-tional \OT1/cmr/m/it/10.95 Bogoliubov-
 []

[5] [6]
Overfull \hbox (5.55966pt too wide) in paragraph at lines 124--125
[]\OT1/cmr/m/n/10.95 The mean-field the-ory of low en-ergy ex-ci-ta-tions is th
en given by the fol-low-ing Bogoliubov-
 []


Overfull \hbox (6.50832pt too wide) in paragraph at lines 137--141
\OT1/cmr/m/n/10.95 then by the particle-hole sym-me-try, the so-lu-tion $[]$ wi
th $\OMS/cmsy/m/n/10.95 E[] \OML/cmm/m/it/10.95 < \OT1/cmr/m/n/10.95 0$ is $[] 
= ((\OMS/cmsy/m/n/10.95 ^^@\OML/cmm/m/it/10.95 v[]\OT1/cmr/m/n/10.95 )[]\OML/cm
m/m/it/10.95 ; \OT1/cmr/m/n/10.95 (\OML/cmm/m/it/10.95 u[]\OT1/cmr/m/n/10.95 )[
])$. 
 []

[7]
Overfull \hbox (9.51988pt too wide) in paragraph at lines 169--172
[]$\OT1/cmr/m/n/10.95 , its cor-re-spond-ing neg-a-tive en-ergy so-lu-tion is $
[] = []$.
 []

[8] [9] [10] [11] [12]) [13]
\openout2 = `chapter03.aux'.

 (./chapter03.tex
Chapter 3.

LaTeX Warning: File `normal_state_band_structure.pdf' not found on input line 1
0.


! Package pdftex.def Error: File `normal_state_band_structure.pdf' not found: u
sing draft setting.

See the pdftex.def package documentation for explanation.
Type  H <return>  for immediate help.
 ...                                              
                                                  
l.10 ...inewidth]{normal_state_band_structure.pdf}
                                                  
? 
[14




] [15]
LaTeX Font Info:    Trying to load font information for U+euf on input line 52.

 (/usr/share/texmf-dist/tex/latex/amsfonts/ueuf.fd
File: ueuf.fd 2013/01/14 v3.01 Euler Fraktur
)

LaTeX Warning: Reference `fig:Analytical_LDOS' on page 16 undefined on input li
ne 63.


LaTeX Warning: Reference `fig:LDOS_line_mosaic_normal_state_N_N_-3.46_0_0_1.00_
0_0' on page 16 undefined on input line 63.


LaTeX Warning: Reference `fig:LDOS_line_mosaic_normal_state_N_N_-3.46_0_0_1.00_
0_1.00e-01' on page 16 undefined on input line 63.

[16] [17]

LaTeX Warning: Reference `fig:Bessel_Cos_LDOS' on page 18 undefined on input li
ne 114.


LaTeX Warning: File `benchmarking_ns.pdf' not found on input line 155.


! Package pdftex.def Error: File `benchmarking_ns.pdf' not found: using draft s
etting.

See the pdftex.def package documentation for explanation.
Type  H <return>  for immediate help.
 ...                                              
                                                  
l.155 ...cs[width=\linewidth]{benchmarking_ns.pdf}
                                                  
? 
[18]

LaTeX Warning: File `LDOS_line_mosaic_normal_state_varying_n.pdf' not found on 
input line 169.


! Package pdftex.def Error: File `LDOS_line_mosaic_normal_state_varying_n.pdf' 
not found: using draft setting.

See the pdftex.def package documentation for explanation.
Type  H <return>  for immediate help.
 ...                                              
                                                  
l.169 ...S_line_mosaic_normal_state_varying_n.pdf}
                                                  
? 

LaTeX Warning: Float too large for page by 58.84659pt on input line 176.


LaTeX Warning: File `LDOS_line_Analytical_versus_numerical.pdf' not found on in
put line 180.


! Package pdftex.def Error: File `LDOS_line_Analytical_versus_numerical.pdf' no
t found: using draft setting.

See the pdftex.def package documentation for explanation.
Type  H <return>  for immediate help.
 ...                                              
                                                  
l.180 ...DOS_line_Analytical_versus_numerical.pdf}
                                                  
? 

LaTeX Warning: Float too large for page by 72.4466pt on input line 185.


LaTeX Warning: File `LDOS_r_vs_V.pdf' not found on input line 190.


! Package pdftex.def Error: File `LDOS_r_vs_V.pdf' not found: using draft setti
ng.

See the pdftex.def package documentation for explanation.
Type  H <return>  for immediate help.
 ...                                              
                                                  
l.190 ...ics[width=0.8\linewidth]{LDOS_r_vs_V.pdf}
                                                  
? 

LaTeX Warning: File `QPI_Fermi_surface_normal_state.pdf' not found on input lin
e 199.


! Package pdftex.def Error: File `QPI_Fermi_surface_normal_state.pdf' not found
: using draft setting.

See the pdftex.def package documentation for explanation.
Type  H <return>  for immediate help.
 ...                                              
                                                  
l.199 ...idth]{QPI_Fermi_surface_normal_state.pdf}
                                                  
? 

LaTeX Warning: File `QPI_Fermi_surface_normal_state_multiorbital.pdf' not found
 on input line 208.


! Package pdftex.def Error: File `QPI_Fermi_surface_normal_state_multiorbital.p
df' not found: using draft setting.

See the pdftex.def package documentation for explanation.
Type  H <return>  for immediate help.
 ...                                              
                                                  
l.208 ...mi_surface_normal_state_multiorbital.pdf}
                                                  
? 

LaTeX Warning: File `LDOS_line_normal_state_varying_mu.pdf' not found on input 
line 218.


! Package pdftex.def Error: File `LDOS_line_normal_state_varying_mu.pdf' not fo
und: using draft setting.

See the pdftex.def package documentation for explanation.
Type  H <return>  for immediate help.
 ...                                              
                                                  
l.218 ...h]{LDOS_line_normal_state_varying_mu.pdf}
                                                  
? 

LaTeX Warning: File `Spectrum_3D_normal_state_varying_V.pdf' not found on input
 line 227.


! Package pdftex.def Error: File `Spectrum_3D_normal_state_varying_V.pdf' not f
ound: using draft setting.

See the pdftex.def package documentation for explanation.
Type  H <return>  for immediate help.
 ...                                              
                                                  
l.227 ...]{Spectrum_3D_normal_state_varying_V.pdf}
                                                  
? 

LaTeX Warning: File `LDOS_mosaic_normal_state.pdf' not found on input line 236.



! Package pdftex.def Error: File `LDOS_mosaic_normal_state.pdf' not found: usin
g draft setting.

See the pdftex.def package documentation for explanation.
Type  H <return>  for immediate help.
 ...                                              
                                                  
l.236 ...\linewidth]{LDOS_mosaic_normal_state.pdf}
                                                  
? 

LaTeX Warning: File `Spectrum_Normal_state_43_43_-2.67_0_0_1.00_0_1.21e+00.pdf'
 not found on input line 245.


! Package pdftex.def Error: File `Spectrum_Normal_state_43_43_-2.67_0_0_1.00_0_
1.21e+00.pdf' not found: using draft setting.

See the pdftex.def package documentation for explanation.
Type  H <return>  for immediate help.
 ...                                              
                                                  
l.245 ...tate_43_43_-2.67_0_0_1.00_0_1.21e+00.pdf}
                                                  
? 

LaTeX Warning: File `Linecut_Normal_state_43_43_-2.67_0_0_1.00_0_1.21e+00.pdf' 
not found on input line 254.


! Package pdftex.def Error: File `Linecut_Normal_state_43_43_-2.67_0_0_1.00_0_1
.21e+00.pdf' not found: using draft setting.

See the pdftex.def package documentation for explanation.
Type  H <return>  for immediate help.
 ...                                              
                                                  
l.254 ...tate_43_43_-2.67_0_0_1.00_0_1.21e+00.pdf}
                                                  
? 

LaTeX Warning: File `LDOS_3D_Normal_state_corral_43_43_-3.57_0_0_1.00_0_1.21e+0
0.pdf' not found on input line 263.


! Package pdftex.def Error: File `LDOS_3D_Normal_state_corral_43_43_-3.57_0_0_1
.00_0_1.21e+00.pdf' not found: using draft setting.

See the pdftex.def package documentation for explanation.
Type  H <return>  for immediate help.
 ...                                              
                                                  
l.263 ...rral_43_43_-3.57_0_0_1.00_0_1.21e+00.pdf}
                                                  
? 

LaTeX Warning: File `Self-consistent_singlet_n=5_T=varying.pdf' not found on in
put line 274.


! Package pdftex.def Error: File `Self-consistent_singlet_n=5_T=varying.pdf' no
t found: using draft setting.

See the pdftex.def package documentation for explanation.
Type  H <return>  for immediate help.
 ...                                              
                                                  
l.274 ...elf-consistent_singlet_n=5_T=varying.pdf}
                                                  
? 

LaTeX Warning: File `Self-consistent_singlet_n=25_T=varying.pdf' not found on i
nput line 283.


! Package pdftex.def Error: File `Self-consistent_singlet_n=25_T=varying.pdf' n
ot found: using draft setting.

See the pdftex.def package documentation for explanation.
Type  H <return>  for immediate help.
 ...                                              
                                                  
l.283 ...lf-consistent_singlet_n=25_T=varying.pdf}
                                                  
? 

LaTeX Warning: File `Self-consistent_singlet_n=51_T=varying.pdf' not found on i
nput line 292.


! Package pdftex.def Error: File `Self-consistent_singlet_n=51_T=varying.pdf' n
ot found: using draft setting.

See the pdftex.def package documentation for explanation.
Type  H <return>  for immediate help.
 ...                                              
                                                  
l.292 ...lf-consistent_singlet_n=51_T=varying.pdf}
                                                  
? 

LaTeX Warning: File `Self-consistent_singlet_n=5_mu=varying.pdf' not found on i
nput line 301.


! Package pdftex.def Error: File `Self-consistent_singlet_n=5_mu=varying.pdf' n
ot found: using draft setting.

See the pdftex.def package documentation for explanation.
Type  H <return>  for immediate help.
 ...                                              
                                                  
l.301 ...lf-consistent_singlet_n=5_mu=varying.pdf}
                                                  
? 

LaTeX Warning: File `Self-consistent_singlet_n=25_mu=varying.pdf' not found on 
input line 310.


! Package pdftex.def Error: File `Self-consistent_singlet_n=25_mu=varying.pdf' 
not found: using draft setting.

See the pdftex.def package documentation for explanation.
Type  H <return>  for immediate help.
 ...                                              
                                                  
l.310 ...f-consistent_singlet_n=25_mu=varying.pdf}
                                                  
? 

LaTeX Warning: File `Self-consistent_singlet_n=51_mu=varying.pdf' not found on 
input line 319.


! Package pdftex.def Error: File `Self-consistent_singlet_n=51_mu=varying.pdf' 
not found: using draft setting.

See the pdftex.def package documentation for explanation.
Type  H <return>  for immediate help.
 ...                                              
                                                  
l.319 ...f-consistent_singlet_n=51_mu=varying.pdf}
                                                  
? 

LaTeX Warning: File `Self-consistent_singlet_n_varying.pdf' not found on input 
line 329.


! Package pdftex.def Error: File `Self-consistent_singlet_n_varying.pdf' not fo
und: using draft setting.

See the pdftex.def package documentation for explanation.
Type  H <return>  for immediate help.
 ...                                              
                                                  
l.329 ...h]{Self-consistent_singlet_n_varying.pdf}
                                                  
? 

LaTeX Warning: File `Self-consistent_singlet_single_impurity.pdf' not found on 
input line 338.


! Package pdftex.def Error: File `Self-consistent_singlet_single_impurity.pdf' 
not found: using draft setting.

See the pdftex.def package documentation for explanation.
Type  H <return>  for immediate help.
 ...                                              
                                                  
l.338 ...f-consistent_singlet_single_impurity.pdf}
                                                  
? 

LaTeX Warning: File `Self-consistent_multiorbital_singlet_single_impurity.pdf' 
not found on input line 347.


! Package pdftex.def Error: File `Self-consistent_multiorbital_singlet_single_i
mpurity.pdf' not found: using draft setting.

See the pdftex.def package documentation for explanation.
Type  H <return>  for immediate help.
 ...                                              
                                                  
l.347 ...multiorbital_singlet_single_impurity.pdf}
                                                  
? 

LaTeX Warning: File `Self-consistent_triplet_single_impurity.pdf' not found on 
input line 356.


! Package pdftex.def Error: File `Self-consistent_triplet_single_impurity.pdf' 
not found: using draft setting.

See the pdftex.def package documentation for explanation.
Type  H <return>  for immediate help.
 ...                                              
                                                  
l.356 ...f-consistent_triplet_single_impurity.pdf}
                                                  
? 

LaTeX Warning: File `LDOS_FT_mosaic_normal_state_random_impurities_mu_-3.57.pdf
' not found on input line 403.


! Package pdftex.def Error: File `LDOS_FT_mosaic_normal_state_random_impurities
_mu_-3.57.pdf' not found: using draft setting.

See the pdftex.def package documentation for explanation.
Type  H <return>  for immediate help.
 ...                                              
                                                  
l.403 ...mal_state_random_impurities_mu_-3.57.pdf}
                                                  
? 

LaTeX Warning: Float too large for page by 58.84659pt on input line 408.

) [19] [20] [21] [22] [23] [24] [25] [26] [27] [28] [29] [30] [31] [32]
[33] [34] [35] [36] [37] [38] [39] [40] [41] [42]
\openout2 = `chapter04.aux'.

 (./chapter04.tex
Chapter 4.
)
Runaway argument?
{ \label {sec:Triplet_state} The spin-triplet pairing is defined by t\ETC.
! File ended while scanning use of \@xdblarg.
<inserted text> 
                \par 
l.126 \include{chapter04}
                         
? 
[43




]
\openout2 = `chapter05.aux'.

 (./chapter05.tex
Chapter 5.

Underfull \hbox (badness 10000) in paragraph at lines 2--17

 []

[44




]

LaTeX Warning: Reference `fig:SSH-one_dim' on page 45 undefined on input line 3
9.


LaTeX Warning: File ` ../../05-fig/03-01-one-dimensional-ldos.pdf ' not found o
n input line 50.


! Package pdftex.def Error: File `../../05-fig/03-01-one-dimensional-ldos.pdf' 
not found: using draft setting.

See the pdftex.def package documentation for explanation.
Type  H <return>  for immediate help.
 ...                                              
                                                  
l.50 ...-01-one-dimensional-ldos}{fig:ssh-one_dim}
                                                  
? 
! Undefined control sequence.
<argument> \figures 
                    
l.50 ...-01-one-dimensional-ldos}{fig:ssh-one_dim}
                                                  
? 

! LaTeX Error: File `../../05-fig/03-01-one-dimensional-ldos.txt' not found.

Type X to quit or <RETURN> to proceed,
or enter new name. (Default extension: txt)

Enter file name: 
(/usr/share/texmf-dist/tex/latex/tools/.tex File ignored)
! Undefined control sequence.
<argument> \figures 
                    
l.50 ...-01-one-dimensional-ldos}{fig:ssh-one_dim}
                                                  
? 

! LaTeX Error: File `../../05-fig/03-01-one-dimensional-ldos.txt' not found.

Type X to quit or <RETURN> to proceed,
or enter new name. (Default extension: txt)

Enter file name: 
(/usr/share/texmf-dist/tex/latex/tools/.tex File ignored)

LaTeX Warning: File ` ../../05-fig/03-02-multiorbital_chain.pdf ' not found on 
input line 71.


! Package pdftex.def Error: File `../../05-fig/03-02-multiorbital_chain.pdf' no
t found: using draft setting.

See the pdftex.def package documentation for explanation.
Type  H <return>  for immediate help.
 ...                                              
                                                  
l.71 ...ultiorbital_chain}{fig:multiorbital_chain}
                                                  
? 
! Undefined control sequence.
<argument> \figures 
                    
l.71 ...ultiorbital_chain}{fig:multiorbital_chain}
                                                  
? 

! LaTeX Error: File `../../05-fig/03-02-multiorbital_chain.txt' not found.

Type X to quit or <RETURN> to proceed,
or enter new name. (Default extension: txt)

Enter file name: 
(/usr/share/texmf-dist/tex/latex/tools/.tex File ignored)
! Undefined control sequence.
<argument> \figures 
                    
l.71 ...ultiorbital_chain}{fig:multiorbital_chain}
                                                  
? 

! LaTeX Error: File `../../05-fig/03-02-multiorbital_chain.txt' not found.

Type X to quit or <RETURN> to proceed,
or enter new name. (Default extension: txt)

Enter file name: 
(/usr/share/texmf-dist/tex/latex/tools/.tex File ignored) [45] [46] [47]
[48]

! LaTeX Error: \mathbb allowed only in math mode.

See the LaTeX manual or LaTeX Companion for explanation.
Type  H <return>  for immediate help.
 ...                                              
                                                  
l.156 ... (TRS). The corresonding operator \mathbb
                                                  {t}
? 
! Undefined control sequence.
<recently read> \Eta 
                     
l.170 The chiral symmetry $\Eta
                               _z$ must satisfy the constraint
? 
! Undefined control sequence.
l.172     \Eta
              _z\hat{\mathcal H}\Eta_z^{-1}=-\hat{\mathcal H}^{*}(-k)
? 
! Undefined control sequence.
l.172     \Eta_z\hat{\mathcal H}\Eta
                                    _z^{-1}=-\hat{\mathcal H}^{*}(-k)
? 
! Undefined control sequence.
l.176     \Eta
              _z=\mathbb{1}_2\otimes\mathbb{1}_2\otimes\sigma_z
? 
! Undefined control sequence.
l.180     \left(\Eta
                    _z\right)^2=+1.
? 
[49]
! Argument of \bm has an extra }.
<inserted text> 
                \par 
l.201     |\mathbf{h}\dot\bm
                            {\sigma}-\lambda|
? 
Runaway argument?
! Paragraph ended before \bm was complete.
<to be read again> 
                   \par 
l.201     |\mathbf{h}\dot\bm
                            {\sigma}-\lambda|
? 
! Missing $ inserted.
<inserted text> 
                $
l.201     |\mathbf{h}\dot\bm
                            {\sigma}-\lambda|
? 
! Missing } inserted.
<inserted text> 
                }
l.201     |\mathbf{h}\dot\bm
                            {\sigma}-\lambda|
? 
! Display math should end with $$.
<to be read again> 
                   \tex_par:D 
l.201     |\mathbf{h}\dot\bm
                            {\sigma}-\lambda|
? 
! Extra }, or forgotten \endgroup.
<recently read> }
                 
l.201     |\mathbf{h}\dot\bm
                            {\sigma}-\lambda|
? 
! Missing $ inserted.
<inserted text> 
                $
l.201     |\mathbf{h}\dot\bm{\sigma
                                   }-\lambda|
? 
! Extra }, or forgotten $.
l.201     |\mathbf{h}\dot\bm{\sigma}
                                    -\lambda|
? 
! Argument of \bm has an extra }.
<inserted text> 
                \par 
l.202     |\mathbf{h}\dot\bm
                            {\sigma}+\lambda|
? 
Runaway argument?
! Paragraph ended before \bm was complete.
<to be read again> 
                   \par 
l.202     |\mathbf{h}\dot\bm
                            {\sigma}+\lambda|
? 
! Missing $ inserted.
<inserted text> 
                $
l.202     |\mathbf{h}\dot\bm
                            {\sigma}+\lambda|
? 
! Missing } inserted.
<inserted text> 
                }
l.202     |\mathbf{h}\dot\bm
                            {\sigma}+\lambda|
? 
! Missing $ inserted.
<inserted text> 
                $
l.202     |\mathbf{h}\dot\bm{\sigma
                                   }+\lambda|
? 
! Extra }, or forgotten $.
l.202     |\mathbf{h}\dot\bm{\sigma}
                                    +\lambda|
? 
! Argument of \bm has an extra }.
<inserted text> 
                \par 
l.203     |(\mathbf{h}\dot\bm
                             {\sigma}-\lambda)(\mathbf{h}\dot\bm{\sigma}+\la...

? 
Runaway argument?
! Paragraph ended before \bm was complete.
<to be read again> 
                   \par 
l.203     |(\mathbf{h}\dot\bm
                             {\sigma}-\lambda)(\mathbf{h}\dot\bm{\sigma}+\la...

? 
! Missing $ inserted.
<inserted text> 
                $
l.203     |(\mathbf{h}\dot\bm
                             {\sigma}-\lambda)(\mathbf{h}\dot\bm{\sigma}+\la...

? 
! Missing } inserted.
<inserted text> 
                }
l.203     |(\mathbf{h}\dot\bm
                             {\sigma}-\lambda)(\mathbf{h}\dot\bm{\sigma}+\la...

? 
! Missing $ inserted.
<inserted text> 
                $
l.203     |(\mathbf{h}\dot\bm{\sigma
                                    }-\lambda)(\mathbf{h}\dot\bm{\sigma}+\la...

? 
! Extra }, or forgotten $.
l.203     |(\mathbf{h}\dot\bm{\sigma}
                                     -\lambda)(\mathbf{h}\dot\bm{\sigma}+\la...

? 
! Argument of \bm has an extra }.
<inserted text> 
                \par 
l.203 ...dot\bm{\sigma}-\lambda)(\mathbf{h}\dot\bm
                                                  {\sigma}+\lambda)+\Delta\D...

? 
Runaway argument?
! Paragraph ended before \bm was complete.
<to be read again> 
                   \par 
l.203 ...dot\bm{\sigma}-\lambda)(\mathbf{h}\dot\bm
                                                  {\sigma}+\lambda)+\Delta\D...

? 
! Missing $ inserted.
<inserted text> 
                $
l.203 ...dot\bm{\sigma}-\lambda)(\mathbf{h}\dot\bm
                                                  {\sigma}+\lambda)+\Delta\D...

? 
! Missing } inserted.
<inserted text> 
                }
l.203 ...dot\bm{\sigma}-\lambda)(\mathbf{h}\dot\bm
                                                  {\sigma}+\lambda)+\Delta\D...

? 
! Missing $ inserted.
<inserted text> 
                $
l.203 ...\sigma}-\lambda)(\mathbf{h}\dot\bm{\sigma
                                                  }+\lambda)+\Delta\Delta^\d...

? 
! Extra }, or forgotten $.
l.203 ...sigma}-\lambda)(\mathbf{h}\dot\bm{\sigma}
                                                  +\lambda)+\Delta\Delta^\da...

? 
! You can't use `\eqno' in math mode.
\endmathdisplay@a ...\df@tag \@empty \else \veqno 
                                                  \alt@tag \df@tag \fi \ifx ...
l.204 \end{equation}
                    
? 
! Missing $ inserted.
<inserted text> 
                $
l.204 \end{equation}
                    
? 
! Missing } inserted.
<inserted text> 
                }
l.204 \end{equation}
                    
? 
) [50]
\openout2 = `chapter06.aux'.

 (./chapter06.tex
Chapter 6.

Package hyperref Warning: Token not allowed in a PDF string (Unicode):
(hyperref)                removing `\mathsurround' on input line 1.


Package hyperref Warning: Token not allowed in a PDF string (Unicode):
(hyperref)                removing `\z@' on input line 1.


Package hyperref Warning: Token not allowed in a PDF string (Unicode):
(hyperref)                removing `subscript' on input line 1.

[51




]) [52]
\openout2 = `chapter07.aux'.

 (./chapter07.tex
Chapter 7.
) [53




]
\openout2 = `chapter08.aux'.

 (./chapter08.tex
Chapter 8.
) [54




]
\openout2 = `chapter09.aux'.

 (./chapter09.tex
Chapter 9.
) [55




]
\openout2 = `conclusion.aux'.

 (./conclusion.tex
Chapter 10.
) [56




]
\openout2 = `appendix01.aux'.

 (./appendix01.tex
Appendix A.

! LaTeX Error: File `Memory_usage_plot.pgf' not found.

Type X to quit or <RETURN> to proceed,
or enter new name. (Default extension: pgf)

Enter file name: 
(/usr/share/texmf-dist/tex/latex/tools/.tex File ignored)

LaTeX Warning: Reference `eq:spin_triplet_BdG_Hamiltonian' on page 57 undefined
 on input line 10.


LaTeX Warning: Reference `eq:spin_triplet_BdG_Hamiltonian' on page 57 undefined
 on input line 10.


LaTeX Warning: Reference `sec:Non-unitary_spin-triplet' on page 57 undefined on
 input line 13.

(/usr/share/texmf-dist/tex/latex/listings/lstlang1.sty
File: lstlang1.sty 2020/03/24 1.8d listings language file
) [57




]) [58]
\openout2 = `appendix02.aux'.


(./appendix02.tex
Appendix B.
[59




]) [60] (./phd_thesis_fgsr.bbl)

Package caption Warning: Unused \captionsetup[sub] on input line 26.
See the caption package documentation for explanation.

[61



] (./phd_thesis_fgsr.aux (./titlepage_fgsr.aux) (./abstract.aux)
(./notation.aux) (./chapter01.aux) (./chapter02.aux) (./chapter03.aux)
(./chapter04.aux) (./chapter05.aux) (./chapter06.aux) (./chapter07.aux)
(./chapter08.aux) (./chapter09.aux) (./conclusion.aux) (./appendix01.aux)
(./appendix02.aux))

LaTeX Warning: There were undefined references.


LaTeX Warning: There were multiply-defined labels.

Package rerunfilecheck Info: File `phd_thesis_fgsr.out' has not changed.
(rerunfilecheck)             Checksum: 30908172475743D5E7BC5C1491CC9663;10406.
 ) ) 
Here is how much of TeX's memory you used:
 42033 strings out of 478353
 943612 string characters out of 5854635
 1540688 words of memory out of 5000000
 58956 multiletter control sequences out of 15000+600000
 427916 words of font info for 119 fonts, out of 8000000 for 9000
 1141 hyphenation exceptions out of 8191
 104i,14n,106p,1366b,1286s stack positions out of 5000i,500n,10000p,200000b,80000s
{/usr/share/texmf-dist/fonts/enc/dvips/cm-super/cm-super-ts1.enc}</usr/shar
e/texmf-dist/fonts/type1/public/bbold-type1/bbold10.pfb></usr/share/texmf-dist/
fonts/type1/public/amsfonts/cm/cmbsy10.pfb></usr/share/texmf-dist/fonts/type1/p
ublic/amsfonts/cm/cmbx10.pfb></usr/share/texmf-dist/fonts/type1/public/amsfonts
/cm/cmbx12.pfb></usr/share/texmf-dist/fonts/type1/public/amsfonts/cm/cmbx6.pfb>
</usr/share/texmf-dist/fonts/type1/public/amsfonts/cm/cmbx8.pfb></usr/share/tex
mf-dist/fonts/type1/public/amsfonts/cm/cmex10.pfb></usr/share/texmf-dist/fonts/
type1/public/amsfonts/cm/cmmi10.pfb></usr/share/texmf-dist/fonts/type1/public/a
msfonts/cm/cmmi6.pfb></usr/share/texmf-dist/fonts/type1/public/amsfonts/cm/cmmi
8.pfb></usr/share/texmf-dist/fonts/type1/public/amsfonts/cm/cmmi9.pfb></usr/sha
re/texmf-dist/fonts/type1/public/amsfonts/cm/cmmib10.pfb></usr/share/texmf-dist
/fonts/type1/public/amsfonts/cm/cmr10.pfb></usr/share/texmf-dist/fonts/type1/pu
blic/amsfonts/cm/cmr12.pfb></usr/share/texmf-dist/fonts/type1/public/amsfonts/c
m/cmr6.pfb></usr/share/texmf-dist/fonts/type1/public/amsfonts/cm/cmr8.pfb></usr
/share/texmf-dist/fonts/type1/public/amsfonts/cm/cmr9.pfb></usr/share/texmf-dis
t/fonts/type1/public/amsfonts/cm/cmsl10.pfb></usr/share/texmf-dist/fonts/type1/
public/amsfonts/cm/cmsy10.pfb></usr/share/texmf-dist/fonts/type1/public/amsfont
s/cm/cmsy6.pfb></usr/share/texmf-dist/fonts/type1/public/amsfonts/cm/cmsy8.pfb>
</usr/share/texmf-dist/fonts/type1/public/amsfonts/cm/cmti10.pfb></usr/share/te
xmf-dist/fonts/type1/public/amsfonts/cm/cmtt10.pfb></usr/share/texmf-dist/fonts
/type1/public/amsfonts/euler/eufm10.pfb></usr/share/texmf-dist/fonts/type1/publ
ic/amsfonts/symbols/msam10.pfb></usr/share/texmf-dist/fonts/type1/public/amsfon
ts/symbols/msbm10.pfb></usr/share/texmf-dist/fonts/type1/public/cm-super/sfrm10
95.pfb></usr/share/texmf-dist/fonts/type1/public/cm-super/sfrm1200.pfb>
Output written on phd_thesis_fgsr.pdf (76 pages, 460097 bytes).
PDF statistics:
 1143 PDF objects out of 1200 (max. 8388607)
 992 compressed objects within 10 object streams
 322 named destinations out of 1000 (max. 500000)
 349 words of extra memory for PDF output out of 10000 (max. 10000000)

